<?xml version="1.0" encoding="UTF-8"?>
<coverage generated="1518202566">
  <project timestamp="1518202566">
    <package name="Poisa\Settings\Commands">
      <file name="/Users/poisa/Sites/settings/packages/poisa/settings/src/Commands/GetCommand.php">
        <class name="Poisa\Settings\Commands\GetCommand" namespace="Poisa\Settings\Commands">
          <metrics complexity="2" methods="1" coveredmethods="1" conditionals="0" coveredconditionals="0" statements="5" coveredstatements="5" elements="6" coveredelements="6"/>
        </class>
        <line num="21" type="method" name="handle" visibility="public" complexity="2" crap="2" count="3"/>
        <line num="23" type="stmt" count="3"/>
        <line num="24" type="stmt" count="2"/>
        <line num="26" type="stmt" count="1"/>
        <line num="29" type="stmt" count="3"/>
        <line num="30" type="stmt" count="3"/>
        <metrics loc="32" ncloc="27" classes="1" methods="1" coveredmethods="1" conditionals="0" coveredconditionals="0" statements="5" coveredstatements="5" elements="6" coveredelements="6"/>
      </file>
      <file name="/Users/poisa/Sites/settings/packages/poisa/settings/src/Commands/SetCommand.php">
        <class name="Poisa\Settings\Commands\SetCommand" namespace="Poisa\Settings\Commands">
          <metrics complexity="2" methods="1" coveredmethods="1" conditionals="0" coveredconditionals="0" statements="4" coveredstatements="4" elements="5" coveredelements="5"/>
        </class>
        <line num="22" type="method" name="handle" visibility="public" complexity="2" crap="2" count="3"/>
        <line num="24" type="stmt" count="3"/>
        <line num="25" type="stmt" count="2"/>
        <line num="27" type="stmt" count="1"/>
        <line num="30" type="stmt" count="3"/>
        <metrics loc="32" ncloc="27" classes="1" methods="1" coveredmethods="1" conditionals="0" coveredconditionals="0" statements="4" coveredstatements="4" elements="5" coveredelements="5"/>
      </file>
    </package>
    <package name="Poisa\Settings\Events">
      <file name="/Users/poisa/Sites/settings/packages/poisa/settings/src/Events/SettingCreated.php">
        <class name="Poisa\Settings\Events\SettingCreated" namespace="Poisa\Settings\Events">
          <metrics complexity="1" methods="1" coveredmethods="1" conditionals="0" coveredconditionals="0" statements="3" coveredstatements="3" elements="4" coveredelements="4"/>
        </class>
        <line num="35" type="method" name="__construct" visibility="public" complexity="1" crap="1" count="1"/>
        <line num="37" type="stmt" count="1"/>
        <line num="38" type="stmt" count="1"/>
        <line num="39" type="stmt" count="1"/>
        <metrics loc="41" ncloc="24" classes="1" methods="1" coveredmethods="1" conditionals="0" coveredconditionals="0" statements="3" coveredstatements="3" elements="4" coveredelements="4"/>
      </file>
      <file name="/Users/poisa/Sites/settings/packages/poisa/settings/src/Events/SettingRead.php">
        <class name="Poisa\Settings\Events\SettingRead" namespace="Poisa\Settings\Events">
          <metrics complexity="1" methods="1" coveredmethods="1" conditionals="0" coveredconditionals="0" statements="3" coveredstatements="3" elements="4" coveredelements="4"/>
        </class>
        <line num="35" type="method" name="__construct" visibility="public" complexity="1" crap="1" count="1"/>
        <line num="37" type="stmt" count="1"/>
        <line num="38" type="stmt" count="1"/>
        <line num="39" type="stmt" count="1"/>
        <metrics loc="41" ncloc="24" classes="1" methods="1" coveredmethods="1" conditionals="0" coveredconditionals="0" statements="3" coveredstatements="3" elements="4" coveredelements="4"/>
      </file>
      <file name="/Users/poisa/Sites/settings/packages/poisa/settings/src/Events/SettingUpdated.php">
        <class name="Poisa\Settings\Events\SettingUpdated" namespace="Poisa\Settings\Events">
          <metrics complexity="1" methods="1" coveredmethods="1" conditionals="0" coveredconditionals="0" statements="3" coveredstatements="3" elements="4" coveredelements="4"/>
        </class>
        <line num="35" type="method" name="__construct" visibility="public" complexity="1" crap="1" count="1"/>
        <line num="37" type="stmt" count="1"/>
        <line num="38" type="stmt" count="1"/>
        <line num="39" type="stmt" count="1"/>
        <metrics loc="41" ncloc="24" classes="1" methods="1" coveredmethods="1" conditionals="0" coveredconditionals="0" statements="3" coveredstatements="3" elements="4" coveredelements="4"/>
      </file>
    </package>
    <package name="Poisa\Settings\Exceptions">
      <file name="/Users/poisa/Sites/settings/packages/poisa/settings/src/Exceptions/ClassDoesNotExist.php">
        <class name="Poisa\Settings\Exceptions\ClassDoesNotExist" namespace="Poisa\Settings\Exceptions">
          <metrics complexity="0" methods="0" coveredmethods="0" conditionals="0" coveredconditionals="0" statements="0" coveredstatements="0" elements="0" coveredelements="0"/>
        </class>
        <metrics loc="8" ncloc="8" classes="0" methods="0" coveredmethods="0" conditionals="0" coveredconditionals="0" statements="0" coveredstatements="0" elements="0" coveredelements="0"/>
      </file>
      <file name="/Users/poisa/Sites/settings/packages/poisa/settings/src/Exceptions/KeyNotFoundException.php">
        <class name="Poisa\Settings\Exceptions\KeyNotFoundException" namespace="Poisa\Settings\Exceptions">
          <metrics complexity="0" methods="0" coveredmethods="0" conditionals="0" coveredconditionals="0" statements="0" coveredstatements="0" elements="0" coveredelements="0"/>
        </class>
        <metrics loc="8" ncloc="8" classes="0" methods="0" coveredmethods="0" conditionals="0" coveredconditionals="0" statements="0" coveredstatements="0" elements="0" coveredelements="0"/>
      </file>
      <file name="/Users/poisa/Sites/settings/packages/poisa/settings/src/Exceptions/NotASerializableClass.php">
        <class name="Poisa\Settings\Exceptions\NotASerializableClass" namespace="Poisa\Settings\Exceptions">
          <metrics complexity="0" methods="0" coveredmethods="0" conditionals="0" coveredconditionals="0" statements="0" coveredstatements="0" elements="0" coveredelements="0"/>
        </class>
        <metrics loc="8" ncloc="8" classes="0" methods="0" coveredmethods="0" conditionals="0" coveredconditionals="0" statements="0" coveredstatements="0" elements="0" coveredelements="0"/>
      </file>
      <file name="/Users/poisa/Sites/settings/packages/poisa/settings/src/Exceptions/SettingsException.php">
        <class name="Poisa\Settings\Exceptions\SettingsException" namespace="Poisa\Settings\Exceptions">
          <metrics complexity="0" methods="0" coveredmethods="0" conditionals="0" coveredconditionals="0" statements="0" coveredstatements="0" elements="0" coveredelements="0"/>
        </class>
        <metrics loc="8" ncloc="8" classes="0" methods="0" coveredmethods="0" conditionals="0" coveredconditionals="0" statements="0" coveredstatements="0" elements="0" coveredelements="0"/>
      </file>
      <file name="/Users/poisa/Sites/settings/packages/poisa/settings/src/Exceptions/UnknownDataType.php">
        <class name="Poisa\Settings\Exceptions\UnknownDataType" namespace="Poisa\Settings\Exceptions">
          <metrics complexity="0" methods="0" coveredmethods="0" conditionals="0" coveredconditionals="0" statements="0" coveredstatements="0" elements="0" coveredelements="0"/>
        </class>
        <metrics loc="8" ncloc="8" classes="0" methods="0" coveredmethods="0" conditionals="0" coveredconditionals="0" statements="0" coveredstatements="0" elements="0" coveredelements="0"/>
      </file>
    </package>
    <package name="Poisa\Settings\Facades">
      <file name="/Users/poisa/Sites/settings/packages/poisa/settings/src/Facades/Settings.php">
        <class name="Poisa\Settings\Facades\Settings" namespace="Poisa\Settings\Facades">
          <metrics complexity="1" methods="1" coveredmethods="1" conditionals="0" coveredconditionals="0" statements="1" coveredstatements="1" elements="2" coveredelements="2"/>
        </class>
        <line num="9" type="method" name="getFacadeAccessor" visibility="protected" complexity="1" crap="1" count="24"/>
        <line num="11" type="stmt" count="24"/>
        <metrics loc="13" ncloc="13" classes="1" methods="1" coveredmethods="1" conditionals="0" coveredconditionals="0" statements="1" coveredstatements="1" elements="2" coveredelements="2"/>
      </file>
    </package>
    <package name="Poisa\Settings\Models">
      <file name="/Users/poisa/Sites/settings/packages/poisa/settings/src/Models/Settings.php">
        <class name="Poisa\Settings\Models\Settings" namespace="Poisa\Settings\Models" fullPackage="Poisa" package="Poisa">
          <metrics complexity="0" methods="0" coveredmethods="0" conditionals="0" coveredconditionals="0" statements="0" coveredstatements="0" elements="0" coveredelements="0"/>
        </class>
        <metrics loc="19" ncloc="12" classes="0" methods="0" coveredmethods="0" conditionals="0" coveredconditionals="0" statements="0" coveredstatements="0" elements="0" coveredelements="0"/>
      </file>
    </package>
    <package name="Poisa\Settings\Serializers">
      <file name="/Users/poisa/Sites/settings/packages/poisa/settings/src/Serializers/ArrayType.php">
        <class name="Poisa\Settings\Serializers\ArrayType" namespace="Poisa\Settings\Serializers">
          <metrics complexity="2" methods="2" coveredmethods="2" conditionals="0" coveredconditionals="0" statements="2" coveredstatements="2" elements="4" coveredelements="4"/>
        </class>
        <line num="7" type="method" name="getTypes" visibility="public" complexity="1" crap="1" count="1"/>
        <line num="9" type="stmt" count="1"/>
        <line num="12" type="method" name="getTypeAlias" visibility="public" complexity="1" crap="1" count="1"/>
        <line num="14" type="stmt" count="1"/>
        <metrics loc="16" ncloc="16" classes="1" methods="2" coveredmethods="2" conditionals="0" coveredconditionals="0" statements="2" coveredstatements="2" elements="4" coveredelements="4"/>
      </file>
      <file name="/Users/poisa/Sites/settings/packages/poisa/settings/src/Serializers/BaseScalarType.php">
        <class name="Poisa\Settings\Serializers\BaseScalarType" namespace="Poisa\Settings\Serializers" fullPackage="Poisa" package="Poisa">
          <metrics complexity="5" methods="5" coveredmethods="5" conditionals="0" coveredconditionals="0" statements="8" coveredstatements="8" elements="13" coveredelements="13"/>
        </class>
        <line num="16" type="method" name="getTypes" visibility="public" complexity="1" crap="1" count="4"/>
        <line num="18" type="stmt" count="4"/>
        <line num="21" type="method" name="getTypeAlias" visibility="public" complexity="1" crap="1" count="4"/>
        <line num="23" type="stmt" count="4"/>
        <line num="26" type="stmt" count="4"/>
        <line num="28" type="stmt" count="4"/>
        <line num="30" type="stmt" count="4"/>
        <line num="33" type="method" name="shouldEncryptData" visibility="public" complexity="1" crap="1" count="6"/>
        <line num="35" type="stmt" count="6"/>
        <line num="38" type="method" name="serialize" visibility="public" complexity="1" crap="1" count="6"/>
        <line num="40" type="stmt" count="6"/>
        <line num="43" type="method" name="unserialize" visibility="public" complexity="1" crap="1" count="6"/>
        <line num="45" type="stmt" count="6"/>
        <metrics loc="47" ncloc="38" classes="1" methods="5" coveredmethods="5" conditionals="0" coveredconditionals="0" statements="8" coveredstatements="8" elements="13" coveredelements="13"/>
      </file>
      <file name="/Users/poisa/Sites/settings/packages/poisa/settings/src/Serializers/ScalarBoolean.php">
        <class name="Poisa\Settings\Serializers\ScalarBoolean" namespace="Poisa\Settings\Serializers">
          <metrics complexity="0" methods="0" coveredmethods="0" conditionals="0" coveredconditionals="0" statements="0" coveredstatements="0" elements="0" coveredelements="0"/>
        </class>
        <metrics loc="7" ncloc="7" classes="0" methods="0" coveredmethods="0" conditionals="0" coveredconditionals="0" statements="0" coveredstatements="0" elements="0" coveredelements="0"/>
      </file>
      <file name="/Users/poisa/Sites/settings/packages/poisa/settings/src/Serializers/ScalarDouble.php">
        <class name="Poisa\Settings\Serializers\ScalarDouble" namespace="Poisa\Settings\Serializers">
          <metrics complexity="0" methods="0" coveredmethods="0" conditionals="0" coveredconditionals="0" statements="0" coveredstatements="0" elements="0" coveredelements="0"/>
        </class>
        <metrics loc="8" ncloc="8" classes="0" methods="0" coveredmethods="0" conditionals="0" coveredconditionals="0" statements="0" coveredstatements="0" elements="0" coveredelements="0"/>
      </file>
      <file name="/Users/poisa/Sites/settings/packages/poisa/settings/src/Serializers/ScalarInteger.php">
        <class name="Poisa\Settings\Serializers\ScalarInteger" namespace="Poisa\Settings\Serializers">
          <metrics complexity="0" methods="0" coveredmethods="0" conditionals="0" coveredconditionals="0" statements="0" coveredstatements="0" elements="0" coveredelements="0"/>
        </class>
        <metrics loc="8" ncloc="8" classes="0" methods="0" coveredmethods="0" conditionals="0" coveredconditionals="0" statements="0" coveredstatements="0" elements="0" coveredelements="0"/>
      </file>
      <file name="/Users/poisa/Sites/settings/packages/poisa/settings/src/Serializers/ScalarNull.php">
        <class name="Poisa\Settings\Serializers\ScalarNull" namespace="Poisa\Settings\Serializers">
          <metrics complexity="2" methods="2" coveredmethods="2" conditionals="0" coveredconditionals="0" statements="2" coveredstatements="2" elements="4" coveredelements="4"/>
        </class>
        <line num="7" type="method" name="getTypes" visibility="public" complexity="1" crap="1" count="1"/>
        <line num="8" type="stmt" count="1"/>
        <line num="11" type="method" name="getTypeAlias" visibility="public" complexity="1" crap="1" count="1"/>
        <line num="12" type="stmt" count="1"/>
        <metrics loc="14" ncloc="14" classes="1" methods="2" coveredmethods="2" conditionals="0" coveredconditionals="0" statements="2" coveredstatements="2" elements="4" coveredelements="4"/>
      </file>
      <file name="/Users/poisa/Sites/settings/packages/poisa/settings/src/Serializers/ScalarString.php">
        <class name="Poisa\Settings\Serializers\ScalarString" namespace="Poisa\Settings\Serializers">
          <metrics complexity="0" methods="0" coveredmethods="0" conditionals="0" coveredconditionals="0" statements="0" coveredstatements="0" elements="0" coveredelements="0"/>
        </class>
        <metrics loc="8" ncloc="8" classes="0" methods="0" coveredmethods="0" conditionals="0" coveredconditionals="0" statements="0" coveredstatements="0" elements="0" coveredelements="0"/>
      </file>
      <file name="/Users/poisa/Sites/settings/packages/poisa/settings/src/Serializers/SerializerFactory.php">
        <class name="Poisa\Settings\Serializers\SerializerFactory" namespace="Poisa\Settings\Serializers">
          <metrics complexity="15" methods="3" coveredmethods="3" conditionals="0" coveredconditionals="0" statements="25" coveredstatements="25" elements="28" coveredelements="28"/>
        </class>
        <line num="18" type="method" name="createFromValue" visibility="public" complexity="5" crap="5" count="7"/>
        <line num="20" type="stmt" count="7"/>
        <line num="21" type="stmt" count="5"/>
        <line num="22" type="stmt" count="5"/>
        <line num="25" type="stmt" count="2"/>
        <line num="26" type="stmt" count="1"/>
        <line num="27" type="stmt" count="1"/>
        <line num="30" type="stmt" count="1"/>
        <line num="39" type="method" name="createFromTypeAlias" visibility="public" complexity="5" crap="5" count="9"/>
        <line num="41" type="stmt" count="9"/>
        <line num="42" type="stmt" count="9"/>
        <line num="43" type="stmt" count="1"/>
        <line num="46" type="stmt" count="9"/>
        <line num="48" type="stmt" count="9"/>
        <line num="49" type="stmt" count="1"/>
        <line num="52" type="stmt" count="9"/>
        <line num="53" type="stmt" count="6"/>
        <line num="56" type="stmt" count="1"/>
        <line num="65" type="method" name="getSerializableClass" visibility="public" complexity="5" crap="5" count="9"/>
        <line num="67" type="stmt" count="9"/>
        <line num="68" type="stmt" count="9"/>
        <line num="69" type="stmt" count="1"/>
        <line num="72" type="stmt" count="9"/>
        <line num="74" type="stmt" count="9"/>
        <line num="75" type="stmt" count="1"/>
        <line num="78" type="stmt" count="9"/>
        <line num="79" type="stmt" count="6"/>
        <line num="82" type="stmt" count="1"/>
        <metrics loc="84" ncloc="66" classes="1" methods="3" coveredmethods="3" conditionals="0" coveredconditionals="0" statements="25" coveredstatements="25" elements="28" coveredelements="28"/>
      </file>
    </package>
    <file name="/Users/poisa/Sites/settings/packages/poisa/settings/src/Serializers/Serializer.php">
      <metrics loc="45" ncloc="16" classes="0" methods="0" coveredmethods="0" conditionals="0" coveredconditionals="0" statements="0" coveredstatements="0" elements="0" coveredelements="0"/>
    </file>
    <package name="Poisa\Settings">
      <file name="/Users/poisa/Sites/settings/packages/poisa/settings/src/Settings.php">
        <class name="Poisa\Settings\Settings" namespace="Poisa\Settings">
          <metrics complexity="28" methods="13" coveredmethods="13" conditionals="0" coveredconditionals="0" statements="69" coveredstatements="69" elements="82" coveredelements="82"/>
        </class>
        <line num="21" type="method" name="getSystemKey" visibility="public" complexity="1" crap="1" count="12"/>
        <line num="23" type="stmt" count="12"/>
        <line num="31" type="method" name="getTenantKey" visibility="public" complexity="1" crap="1" count="12"/>
        <line num="33" type="stmt" count="12"/>
        <line num="42" type="method" name="setSystemKey" visibility="public" complexity="1" crap="1" count="36"/>
        <line num="44" type="stmt" count="36"/>
        <line num="53" type="method" name="setTenantKey" visibility="public" complexity="1" crap="1" count="12"/>
        <line num="55" type="stmt" count="12"/>
        <line num="65" type="method" name="setKey" visibility="public" complexity="3" crap="3" count="60"/>
        <line num="67" type="stmt" count="60"/>
        <line num="68" type="stmt" count="12"/>
        <line num="71" type="stmt" count="60"/>
        <line num="72" type="stmt" count="36"/>
        <line num="74" type="stmt" count="60"/>
        <line num="77" type="method" name="getDefaultConnection" visibility="public" complexity="1" crap="1" count="1"/>
        <line num="79" type="stmt" count="1"/>
        <line num="87" type="method" name="hasKey" visibility="public" complexity="3" crap="3" count="2"/>
        <line num="89" type="stmt" count="2"/>
        <line num="90" type="stmt" count="2"/>
        <line num="93" type="stmt" count="2"/>
        <line num="94" type="stmt" count="2"/>
        <line num="95" type="stmt" count="2"/>
        <line num="97" type="stmt" count="2"/>
        <line num="98" type="stmt" count="2"/>
        <line num="101" type="stmt" count="1"/>
        <line num="111" type="method" name="createKey" visibility="public" complexity="4" crap="4" count="5"/>
        <line num="113" type="stmt" count="5"/>
        <line num="114" type="stmt" count="2"/>
        <line num="117" type="stmt" count="5"/>
        <line num="119" type="stmt" count="5"/>
        <line num="120" type="stmt" count="5"/>
        <line num="122" type="stmt" count="5"/>
        <line num="123" type="stmt" count="4"/>
        <line num="125" type="stmt" count="1"/>
        <line num="128" type="stmt" count="5"/>
        <line num="129" type="stmt" count="5"/>
        <line num="131" type="stmt" count="5"/>
        <line num="132" type="stmt" count="5"/>
        <line num="135" type="stmt" count="5"/>
        <line num="145" type="method" name="updateKey" visibility="public" complexity="4" crap="4" count="3"/>
        <line num="147" type="stmt" count="3"/>
        <line num="148" type="stmt" count="3"/>
        <line num="151" type="stmt" count="3"/>
        <line num="153" type="stmt" count="3"/>
        <line num="154" type="stmt" count="3"/>
        <line num="156" type="stmt" count="3"/>
        <line num="157" type="stmt" count="3"/>
        <line num="159" type="stmt" count="3"/>
        <line num="160" type="stmt" count="2"/>
        <line num="162" type="stmt" count="1"/>
        <line num="165" type="stmt" count="3"/>
        <line num="167" type="stmt" count="3"/>
        <line num="168" type="stmt" count="3"/>
        <line num="171" type="stmt" count="3"/>
        <line num="180" type="method" name="getKey" visibility="public" complexity="5" crap="5" count="38"/>
        <line num="182" type="stmt" count="38"/>
        <line num="183" type="stmt" count="12"/>
        <line num="186" type="stmt" count="38"/>
        <line num="187" type="stmt" count="38"/>
        <line num="189" type="stmt" count="38"/>
        <line num="190" type="stmt" count="2"/>
        <line num="191" type="stmt" count="1"/>
        <line num="193" type="stmt" count="1"/>
        <line num="196" type="stmt" count="36"/>
        <line num="198" type="stmt" count="36"/>
        <line num="199" type="stmt" count="18"/>
        <line num="201" type="stmt" count="18"/>
        <line num="204" type="stmt" count="36"/>
        <line num="206" type="stmt" count="36"/>
        <line num="213" type="method" name="pushSerializer" visibility="public" complexity="1" crap="1" count="1"/>
        <line num="215" type="stmt" count="1"/>
        <line num="216" type="stmt" count="1"/>
        <line num="217" type="stmt" count="1"/>
        <line num="224" type="method" name="getSerializers" visibility="public" complexity="1" crap="1" count="1"/>
        <line num="226" type="stmt" count="1"/>
        <line num="234" type="method" name="getConfiguredModel" visibility="public" complexity="2" crap="2" count="1"/>
        <line num="236" type="stmt" count="1"/>
        <line num="237" type="stmt" count="1"/>
        <line num="240" type="stmt" count="1"/>
        <line num="241" type="stmt" count="1"/>
        <line num="242" type="stmt" count="1"/>
        <line num="243" type="stmt" count="1"/>
        <metrics loc="245" ncloc="177" classes="1" methods="13" coveredmethods="13" conditionals="0" coveredconditionals="0" statements="69" coveredstatements="69" elements="82" coveredelements="82"/>
      </file>
      <file name="/Users/poisa/Sites/settings/packages/poisa/settings/src/SettingsServiceProvider.php">
        <class name="Poisa\Settings\SettingsServiceProvider" namespace="Poisa\Settings">
          <metrics complexity="4" methods="2" coveredmethods="2" conditionals="0" coveredconditionals="0" statements="11" coveredstatements="11" elements="13" coveredelements="13"/>
        </class>
        <line num="16" type="method" name="boot" visibility="public" complexity="2" crap="2" count="12"/>
        <line num="18" type="stmt" count="12"/>
        <line num="19" type="stmt" count="12"/>
        <line num="21" type="stmt" count="12"/>
        <line num="22" type="stmt" count="12"/>
        <line num="23" type="stmt" count="12"/>
        <line num="25" type="stmt" count="12"/>
        <line num="26" type="stmt" count="12"/>
        <line num="27" type="stmt" count="12"/>
        <line num="40" type="method" name="anonymousFunction:40#187" complexity="1" crap="1" count="12"/>
        <line num="41" type="stmt" count="12"/>
        <line num="42" type="stmt" count="12"/>
        <line num="43" type="stmt" count="12"/>
        <metrics loc="45" ncloc="35" classes="1" methods="2" coveredmethods="2" conditionals="0" coveredconditionals="0" statements="11" coveredstatements="11" elements="13" coveredelements="13"/>
      </file>
    </package>
    <metrics files="23" loc="786" ncloc="584" classes="12" methods="33" coveredmethods="33" conditionals="0" coveredconditionals="0" statements="136" coveredstatements="136" elements="169" coveredelements="169"/>
  </project>
</coverage>
