<?xml version="1.0" encoding="UTF-8"?>
<coverage generated="1513229803">
  <project timestamp="1513229803">
    <package name="Poisa\Settings\Events">
      <file name="/Users/poisa/Sites/settings/packages/poisa/settings/src/Events/SettingCreated.php">
        <class name="Poisa\Settings\Events\SettingCreated" namespace="Poisa\Settings\Events">
          <metrics complexity="1" methods="1" coveredmethods="0" conditionals="0" coveredconditionals="0" statements="1" coveredstatements="0" elements="2" coveredelements="0"/>
        </class>
        <line num="21" type="method" name="__construct" visibility="public" complexity="1" crap="2" count="0"/>
        <line num="23" type="stmt" count="0"/>
        <metrics loc="25" ncloc="20" classes="1" methods="1" coveredmethods="0" conditionals="0" coveredconditionals="0" statements="1" coveredstatements="0" elements="2" coveredelements="0"/>
      </file>
      <file name="/Users/poisa/Sites/settings/packages/poisa/settings/src/Events/SettingUpdated.php">
        <class name="Poisa\Settings\Events\SettingUpdated" namespace="Poisa\Settings\Events">
          <metrics complexity="1" methods="1" coveredmethods="0" conditionals="0" coveredconditionals="0" statements="3" coveredstatements="0" elements="4" coveredelements="0"/>
        </class>
        <line num="21" type="method" name="__construct" visibility="public" complexity="1" crap="2" count="0"/>
        <line num="22" type="stmt" count="0"/>
        <line num="23" type="stmt" count="0"/>
        <line num="24" type="stmt" count="0"/>
        <metrics loc="25" ncloc="20" classes="1" methods="1" coveredmethods="0" conditionals="0" coveredconditionals="0" statements="3" coveredstatements="0" elements="4" coveredelements="0"/>
      </file>
    </package>
    <package name="Poisa\Settings\Exceptions">
      <file name="/Users/poisa/Sites/settings/packages/poisa/settings/src/Exceptions/ClassDoesNotExist.php">
        <class name="Poisa\Settings\Exceptions\ClassDoesNotExist" namespace="Poisa\Settings\Exceptions">
          <metrics complexity="0" methods="0" coveredmethods="0" conditionals="0" coveredconditionals="0" statements="0" coveredstatements="0" elements="0" coveredelements="0"/>
        </class>
        <metrics loc="8" ncloc="8" classes="0" methods="0" coveredmethods="0" conditionals="0" coveredconditionals="0" statements="0" coveredstatements="0" elements="0" coveredelements="0"/>
      </file>
      <file name="/Users/poisa/Sites/settings/packages/poisa/settings/src/Exceptions/KeyNotFoundException.php">
        <class name="Poisa\Settings\Exceptions\KeyNotFoundException" namespace="Poisa\Settings\Exceptions">
          <metrics complexity="0" methods="0" coveredmethods="0" conditionals="0" coveredconditionals="0" statements="0" coveredstatements="0" elements="0" coveredelements="0"/>
        </class>
        <metrics loc="8" ncloc="8" classes="0" methods="0" coveredmethods="0" conditionals="0" coveredconditionals="0" statements="0" coveredstatements="0" elements="0" coveredelements="0"/>
      </file>
      <file name="/Users/poisa/Sites/settings/packages/poisa/settings/src/Exceptions/NotASerializableClass.php">
        <class name="Poisa\Settings\Exceptions\NotASerializableClass" namespace="Poisa\Settings\Exceptions">
          <metrics complexity="0" methods="0" coveredmethods="0" conditionals="0" coveredconditionals="0" statements="0" coveredstatements="0" elements="0" coveredelements="0"/>
        </class>
        <metrics loc="8" ncloc="8" classes="0" methods="0" coveredmethods="0" conditionals="0" coveredconditionals="0" statements="0" coveredstatements="0" elements="0" coveredelements="0"/>
      </file>
      <file name="/Users/poisa/Sites/settings/packages/poisa/settings/src/Exceptions/SettingsException.php">
        <class name="Poisa\Settings\Exceptions\SettingsException" namespace="Poisa\Settings\Exceptions">
          <metrics complexity="0" methods="0" coveredmethods="0" conditionals="0" coveredconditionals="0" statements="0" coveredstatements="0" elements="0" coveredelements="0"/>
        </class>
        <metrics loc="8" ncloc="8" classes="0" methods="0" coveredmethods="0" conditionals="0" coveredconditionals="0" statements="0" coveredstatements="0" elements="0" coveredelements="0"/>
      </file>
      <file name="/Users/poisa/Sites/settings/packages/poisa/settings/src/Exceptions/UnknownDataType.php">
        <class name="Poisa\Settings\Exceptions\UnknownDataType" namespace="Poisa\Settings\Exceptions">
          <metrics complexity="0" methods="0" coveredmethods="0" conditionals="0" coveredconditionals="0" statements="0" coveredstatements="0" elements="0" coveredelements="0"/>
        </class>
        <metrics loc="8" ncloc="8" classes="0" methods="0" coveredmethods="0" conditionals="0" coveredconditionals="0" statements="0" coveredstatements="0" elements="0" coveredelements="0"/>
      </file>
    </package>
    <package name="Poisa\Settings\Facades">
      <file name="/Users/poisa/Sites/settings/packages/poisa/settings/src/Facades/Settings.php">
        <class name="Poisa\Settings\Facades\Settings" namespace="Poisa\Settings\Facades">
          <metrics complexity="1" methods="1" coveredmethods="1" conditionals="0" coveredconditionals="0" statements="1" coveredstatements="1" elements="2" coveredelements="2"/>
        </class>
        <line num="9" type="method" name="getFacadeAccessor" visibility="protected" complexity="1" crap="1" count="2"/>
        <line num="11" type="stmt" count="2"/>
        <metrics loc="13" ncloc="13" classes="1" methods="1" coveredmethods="1" conditionals="0" coveredconditionals="0" statements="1" coveredstatements="1" elements="2" coveredelements="2"/>
      </file>
    </package>
    <package name="Poisa\Settings\Models">
      <file name="/Users/poisa/Sites/settings/packages/poisa/settings/src/Models/Settings.php">
        <class name="Poisa\Settings\Models\Settings" namespace="Poisa\Settings\Models" fullPackage="Poisa" package="Poisa">
          <metrics complexity="0" methods="0" coveredmethods="0" conditionals="0" coveredconditionals="0" statements="0" coveredstatements="0" elements="0" coveredelements="0"/>
        </class>
        <metrics loc="19" ncloc="12" classes="0" methods="0" coveredmethods="0" conditionals="0" coveredconditionals="0" statements="0" coveredstatements="0" elements="0" coveredelements="0"/>
      </file>
    </package>
    <package name="Poisa\Settings\Serializers">
      <file name="/Users/poisa/Sites/settings/packages/poisa/settings/src/Serializers/ArrayType.php">
        <class name="Poisa\Settings\Serializers\ArrayType" namespace="Poisa\Settings\Serializers">
          <metrics complexity="2" methods="2" coveredmethods="2" conditionals="0" coveredconditionals="0" statements="2" coveredstatements="2" elements="4" coveredelements="4"/>
        </class>
        <line num="7" type="method" name="getTypes" visibility="public" complexity="1" crap="1" count="1"/>
        <line num="9" type="stmt" count="1"/>
        <line num="12" type="method" name="getTypeAlias" visibility="public" complexity="1" crap="1" count="1"/>
        <line num="14" type="stmt" count="1"/>
        <metrics loc="16" ncloc="16" classes="1" methods="2" coveredmethods="2" conditionals="0" coveredconditionals="0" statements="2" coveredstatements="2" elements="4" coveredelements="4"/>
      </file>
      <file name="/Users/poisa/Sites/settings/packages/poisa/settings/src/Serializers/BaseScalarType.php">
        <class name="Poisa\Settings\Serializers\BaseScalarType" namespace="Poisa\Settings\Serializers" fullPackage="Poisa" package="Poisa">
          <metrics complexity="5" methods="5" coveredmethods="5" conditionals="0" coveredconditionals="0" statements="8" coveredstatements="8" elements="13" coveredelements="13"/>
        </class>
        <line num="16" type="method" name="getTypes" visibility="public" complexity="1" crap="1" count="4"/>
        <line num="18" type="stmt" count="4"/>
        <line num="21" type="method" name="getTypeAlias" visibility="public" complexity="1" crap="1" count="4"/>
        <line num="23" type="stmt" count="4"/>
        <line num="26" type="stmt" count="4"/>
        <line num="28" type="stmt" count="4"/>
        <line num="30" type="stmt" count="4"/>
        <line num="33" type="method" name="shouldEncryptData" visibility="public" complexity="1" crap="1" count="6"/>
        <line num="35" type="stmt" count="6"/>
        <line num="38" type="method" name="serialize" visibility="public" complexity="1" crap="1" count="6"/>
        <line num="40" type="stmt" count="6"/>
        <line num="43" type="method" name="unserialize" visibility="public" complexity="1" crap="1" count="6"/>
        <line num="45" type="stmt" count="6"/>
        <metrics loc="47" ncloc="38" classes="1" methods="5" coveredmethods="5" conditionals="0" coveredconditionals="0" statements="8" coveredstatements="8" elements="13" coveredelements="13"/>
      </file>
      <file name="/Users/poisa/Sites/settings/packages/poisa/settings/src/Serializers/ScalarBoolean.php">
        <class name="Poisa\Settings\Serializers\ScalarBoolean" namespace="Poisa\Settings\Serializers">
          <metrics complexity="0" methods="0" coveredmethods="0" conditionals="0" coveredconditionals="0" statements="0" coveredstatements="0" elements="0" coveredelements="0"/>
        </class>
        <metrics loc="7" ncloc="7" classes="0" methods="0" coveredmethods="0" conditionals="0" coveredconditionals="0" statements="0" coveredstatements="0" elements="0" coveredelements="0"/>
      </file>
      <file name="/Users/poisa/Sites/settings/packages/poisa/settings/src/Serializers/ScalarDouble.php">
        <class name="Poisa\Settings\Serializers\ScalarDouble" namespace="Poisa\Settings\Serializers">
          <metrics complexity="0" methods="0" coveredmethods="0" conditionals="0" coveredconditionals="0" statements="0" coveredstatements="0" elements="0" coveredelements="0"/>
        </class>
        <metrics loc="8" ncloc="8" classes="0" methods="0" coveredmethods="0" conditionals="0" coveredconditionals="0" statements="0" coveredstatements="0" elements="0" coveredelements="0"/>
      </file>
      <file name="/Users/poisa/Sites/settings/packages/poisa/settings/src/Serializers/ScalarInteger.php">
        <class name="Poisa\Settings\Serializers\ScalarInteger" namespace="Poisa\Settings\Serializers">
          <metrics complexity="0" methods="0" coveredmethods="0" conditionals="0" coveredconditionals="0" statements="0" coveredstatements="0" elements="0" coveredelements="0"/>
        </class>
        <metrics loc="8" ncloc="8" classes="0" methods="0" coveredmethods="0" conditionals="0" coveredconditionals="0" statements="0" coveredstatements="0" elements="0" coveredelements="0"/>
      </file>
      <file name="/Users/poisa/Sites/settings/packages/poisa/settings/src/Serializers/ScalarNull.php">
        <class name="Poisa\Settings\Serializers\ScalarNull" namespace="Poisa\Settings\Serializers">
          <metrics complexity="2" methods="2" coveredmethods="2" conditionals="0" coveredconditionals="0" statements="2" coveredstatements="2" elements="4" coveredelements="4"/>
        </class>
        <line num="7" type="method" name="getTypes" visibility="public" complexity="1" crap="1" count="1"/>
        <line num="8" type="stmt" count="1"/>
        <line num="11" type="method" name="getTypeAlias" visibility="public" complexity="1" crap="1" count="1"/>
        <line num="12" type="stmt" count="1"/>
        <metrics loc="14" ncloc="14" classes="1" methods="2" coveredmethods="2" conditionals="0" coveredconditionals="0" statements="2" coveredstatements="2" elements="4" coveredelements="4"/>
      </file>
      <file name="/Users/poisa/Sites/settings/packages/poisa/settings/src/Serializers/ScalarString.php">
        <class name="Poisa\Settings\Serializers\ScalarString" namespace="Poisa\Settings\Serializers">
          <metrics complexity="0" methods="0" coveredmethods="0" conditionals="0" coveredconditionals="0" statements="0" coveredstatements="0" elements="0" coveredelements="0"/>
        </class>
        <metrics loc="8" ncloc="8" classes="0" methods="0" coveredmethods="0" conditionals="0" coveredconditionals="0" statements="0" coveredstatements="0" elements="0" coveredelements="0"/>
      </file>
      <file name="/Users/poisa/Sites/settings/packages/poisa/settings/src/Serializers/SerializerFactory.php">
        <class name="Poisa\Settings\Serializers\SerializerFactory" namespace="Poisa\Settings\Serializers">
          <metrics complexity="15" methods="3" coveredmethods="3" conditionals="0" coveredconditionals="0" statements="25" coveredstatements="25" elements="28" coveredelements="28"/>
        </class>
        <line num="18" type="method" name="createFromValue" visibility="public" complexity="5" crap="5" count="7"/>
        <line num="20" type="stmt" count="7"/>
        <line num="21" type="stmt" count="5"/>
        <line num="22" type="stmt" count="5"/>
        <line num="25" type="stmt" count="2"/>
        <line num="26" type="stmt" count="1"/>
        <line num="27" type="stmt" count="1"/>
        <line num="30" type="stmt" count="1"/>
        <line num="39" type="method" name="createFromTypeAlias" visibility="public" complexity="5" crap="5" count="9"/>
        <line num="41" type="stmt" count="9"/>
        <line num="42" type="stmt" count="9"/>
        <line num="43" type="stmt" count="1"/>
        <line num="46" type="stmt" count="9"/>
        <line num="48" type="stmt" count="9"/>
        <line num="49" type="stmt" count="1"/>
        <line num="52" type="stmt" count="9"/>
        <line num="53" type="stmt" count="6"/>
        <line num="56" type="stmt" count="1"/>
        <line num="65" type="method" name="getSerializableClass" visibility="public" complexity="5" crap="5" count="9"/>
        <line num="67" type="stmt" count="9"/>
        <line num="68" type="stmt" count="9"/>
        <line num="69" type="stmt" count="1"/>
        <line num="72" type="stmt" count="9"/>
        <line num="74" type="stmt" count="9"/>
        <line num="75" type="stmt" count="1"/>
        <line num="78" type="stmt" count="9"/>
        <line num="79" type="stmt" count="6"/>
        <line num="82" type="stmt" count="1"/>
        <metrics loc="84" ncloc="66" classes="1" methods="3" coveredmethods="3" conditionals="0" coveredconditionals="0" statements="25" coveredstatements="25" elements="28" coveredelements="28"/>
      </file>
    </package>
    <file name="/Users/poisa/Sites/settings/packages/poisa/settings/src/Serializers/Serializer.php">
      <metrics loc="16" ncloc="16" classes="0" methods="0" coveredmethods="0" conditionals="0" coveredconditionals="0" statements="0" coveredstatements="0" elements="0" coveredelements="0"/>
    </file>
    <package name="Poisa\Settings">
      <file name="/Users/poisa/Sites/settings/packages/poisa/settings/src/Settings.php">
        <class name="Poisa\Settings\Settings" namespace="Poisa\Settings">
          <metrics complexity="15" methods="8" coveredmethods="8" conditionals="0" coveredconditionals="0" statements="46" coveredstatements="46" elements="54" coveredelements="54"/>
        </class>
        <line num="14" type="method" name="getSystemKey" visibility="public" complexity="1" crap="1" count="12"/>
        <line num="16" type="stmt" count="12"/>
        <line num="19" type="method" name="getTenantKey" visibility="public" complexity="1" crap="1" count="12"/>
        <line num="21" type="stmt" count="12"/>
        <line num="24" type="method" name="setSystemKey" visibility="public" complexity="1" crap="1" count="36"/>
        <line num="26" type="stmt" count="36"/>
        <line num="29" type="method" name="setTenantKey" visibility="public" complexity="1" crap="1" count="12"/>
        <line num="31" type="stmt" count="12"/>
        <line num="34" type="method" name="setKey" visibility="public" complexity="5" crap="5" count="48"/>
        <line num="36" type="stmt" count="48"/>
        <line num="38" type="stmt" count="48"/>
        <line num="39" type="stmt" count="48"/>
        <line num="41" type="stmt" count="48"/>
        <line num="42" type="stmt" count="48"/>
        <line num="43" type="stmt" count="48"/>
        <line num="44" type="stmt" count="48"/>
        <line num="45" type="stmt" count="48"/>
        <line num="48" type="stmt" count="48"/>
        <line num="51" type="stmt" count="24"/>
        <line num="53" type="stmt" count="24"/>
        <line num="54" type="stmt" count="12"/>
        <line num="56" type="stmt" count="12"/>
        <line num="59" type="stmt" count="24"/>
        <line num="63" type="stmt" count="48"/>
        <line num="64" type="stmt" count="48"/>
        <line num="65" type="stmt" count="48"/>
        <line num="66" type="stmt" count="48"/>
        <line num="67" type="stmt" count="48"/>
        <line num="68" type="stmt" count="24"/>
        <line num="70" type="stmt" count="24"/>
        <line num="72" type="stmt" count="48"/>
        <line num="73" type="stmt" count="48"/>
        <line num="75" type="stmt" count="48"/>
        <line num="76" type="stmt" count="48"/>
        <line num="79" type="stmt" count="48"/>
        <line num="82" type="method" name="getKey" visibility="public" complexity="4" crap="4" count="26"/>
        <line num="84" type="stmt" count="26"/>
        <line num="85" type="stmt" count="26"/>
        <line num="86" type="stmt" count="26"/>
        <line num="87" type="stmt" count="26"/>
        <line num="89" type="stmt" count="26"/>
        <line num="90" type="stmt" count="2"/>
        <line num="91" type="stmt" count="1"/>
        <line num="93" type="stmt" count="1"/>
        <line num="96" type="stmt" count="24"/>
        <line num="98" type="stmt" count="24"/>
        <line num="99" type="stmt" count="12"/>
        <line num="102" type="stmt" count="12"/>
        <line num="109" type="method" name="pushSerializer" visibility="public" complexity="1" crap="1" count="1"/>
        <line num="111" type="stmt" count="1"/>
        <line num="112" type="stmt" count="1"/>
        <line num="113" type="stmt" count="1"/>
        <line num="116" type="method" name="getSerializers" visibility="public" complexity="1" crap="1" count="1"/>
        <line num="118" type="stmt" count="1"/>
        <metrics loc="120" ncloc="108" classes="1" methods="8" coveredmethods="8" conditionals="0" coveredconditionals="0" statements="46" coveredstatements="46" elements="54" coveredelements="54"/>
      </file>
      <file name="/Users/poisa/Sites/settings/packages/poisa/settings/src/SettingsServiceProvider.php">
        <class name="Poisa\Settings\SettingsServiceProvider" namespace="Poisa\Settings">
          <metrics complexity="3" methods="2" coveredmethods="2" conditionals="0" coveredconditionals="0" statements="8" coveredstatements="8" elements="10" coveredelements="10"/>
        </class>
        <line num="15" type="method" name="boot" visibility="public" complexity="1" crap="1" count="2"/>
        <line num="17" type="stmt" count="2"/>
        <line num="18" type="stmt" count="2"/>
        <line num="20" type="stmt" count="2"/>
        <line num="21" type="stmt" count="2"/>
        <line num="22" type="stmt" count="2"/>
        <line num="32" type="method" name="anonymousFunction:32#140" complexity="1" crap="1" count="2"/>
        <line num="33" type="stmt" count="2"/>
        <line num="34" type="stmt" count="2"/>
        <line num="35" type="stmt" count="2"/>
        <metrics loc="37" ncloc="27" classes="1" methods="2" coveredmethods="2" conditionals="0" coveredconditionals="0" statements="8" coveredstatements="8" elements="10" coveredelements="10"/>
      </file>
    </package>
    <metrics files="20" loc="487" ncloc="421" classes="9" methods="25" coveredmethods="23" conditionals="0" coveredconditionals="0" statements="96" coveredstatements="92" elements="121" coveredelements="115"/>
  </project>
</coverage>
